Info: Nothing to build for Exercise6_Delete_Node_From_List
Info: Nothing to build for Exercise6_Delete_Node_From_List
Info: Nothing to build for Exercise1_Insert_Node_At_First
17:05:31 **** Rebuild of configuration Debug for project Exercise2_Insert_Node_At_Last ****
Info: Internal Builder is used for build
gcc -O0 -g3 -Wall -c -fmessage-length=0 -o "src\\Exercise2_Insert_Node_At_Last.o" "..\\src\\Exercise2_Insert_Node_At_Last.c" 
gcc -o Exercise2_Insert_Node_At_Last.exe "src\\Exercise2_Insert_Node_At_Last.o" 
17:54:13 **** Rebuild of configuration Debug for project Exercise6_Delete_Node_From_List ****
Info: Internal Builder is used for build
gcc -O0 -g3 -Wall -c -fmessage-length=0 -o "src\\Exercise6_Delete_Node_From_List.o" "..\\src\\Exercise6_Delete_Node_From_List.c" 
gcc -o Exercise6_Delete_Node_From_List.exe "src\\Exercise6_Delete_Node_From_List.o" 
18:52:56 **** Rebuild of configuration Debug for project Exercise1_Insert_Node_At_First ****
Info: Internal Builder is used for build
gcc -O0 -g3 -Wall -c -fmessage-length=0 -o "src\\Exercise1_Insert_Node_At_First.o" "..\\src\\Exercise1_Insert_Node_At_First.c" 
gcc -o Exercise1_Insert_Node_At_First.exe "src\\Exercise1_Insert_Node_At_First.o" 
19:16:31 **** Rebuild of configuration Debug for project Exercise2_Insert_Node_At_Last ****
Info: Internal Builder is used for build
gcc -O0 -g3 -Wall -c -fmessage-length=0 -o "src\\Exercise2_Insert_Node_At_Last.o" "..\\src\\Exercise2_Insert_Node_At_Last.c" 
gcc -o Exercise2_Insert_Node_At_Last.exe "src\\Exercise2_Insert_Node_At_Last.o" 
19:35:38 **** Rebuild of configuration Debug for project Exercise3_Find_Linked_List_Size ****
Info: Internal Builder is used for build
gcc -O0 -g3 -Wall -c -fmessage-length=0 -o "src\\Exercise3_Find_Linked_List_Size.o" "..\\src\\Exercise3_Find_Linked_List_Size.c" 
gcc -o Exercise3_Find_Linked_List_Size.exe "src\\Exercise3_Find_Linked_List_Size.o" 
